<?xml version="1.0" encoding="UTF-8"?>
<!-- Generated by org.testng.reporters.JUnitXMLReporter -->
<testsuite hostname="DESKTOP-M8M2LU8" ignored="0" name="Test123" tests="6" failures="0" timestamp="2020-05-29T14:34:13 EET" time="2.271" errors="0">
  <testcase name="@BeforeTest Browser_Init" time="2.207" classname="nopcommerce_packages.TestBase">
    <failure type="org.openqa.selenium.SessionNotCreatedException" message="session not created: This version of ChromeDriver only supports Chrome version 80
Build info: version: &amp;apos;3.141.59&amp;apos;, revision: &amp;apos;e82be7d358&amp;apos;, time: &amp;apos;2018-11-14T08:17:03&amp;apos;
System info: host: &amp;apos;DESKTOP-M8M2LU8&amp;apos;, ip: &amp;apos;192.168.0.104&amp;apos;, os.name: &amp;apos;Windows 10&amp;apos;, os.arch: &amp;apos;amd64&amp;apos;, os.version: &amp;apos;10.0&amp;apos;, java.version: &amp;apos;1.8.0_251&amp;apos;
Driver info: driver.version: ChromeDriver
remote stacktrace: Backtrace:
	Ordinal0 [0x00E50C83+1707139]
	Ordinal0 [0x00DB68F1+1075441]
	Ordinal0 [0x00D2DFC9+516041]
	Ordinal0 [0x00CC0554+66900]
	Ordinal0 [0x00CBCCE2+52450]
	Ordinal0 [0x00CDBFD7+180183]
	Ordinal0 [0x00CDBDDD+179677]
	Ordinal0 [0x00CD9D4B+171339]
	Ordinal0 [0x00CC1D4A+73034]
	Ordinal0 [0x00CC2DC0+77248]
	Ordinal0 [0x00CC2D59+77145]
	Ordinal0 [0x00DCBB67+1162087]
	GetHandleVerifier [0x00EEA966+508998]
	GetHandleVerifier [0x00EEA6A4+508292]
	GetHandleVerifier [0x00EFF7B7+594583]
	GetHandleVerifier [0x00EEB1D6+511158]
	Ordinal0 [0x00DC402C+1130540]
	Ordinal0 [0x00DCD4CB+1168587]
	Ordinal0 [0x00DCD633+1168947]
	Ordinal0 [0x00DE5B35+1268533]
	BaseThreadInitThunk [0x7578F989+25]
	RtlGetAppContainerNamedObjectPath [0x76FD5DE4+228]
	RtlGetAppContainerNamedObjectPath [0x76FD5DB4+180]
">
      <![CDATA[org.openqa.selenium.SessionNotCreatedException: session not created: This version of ChromeDriver only supports Chrome version 80
Build info: version: '3.141.59', revision: 'e82be7d358', time: '2018-11-14T08:17:03'
System info: host: 'DESKTOP-M8M2LU8', ip: '192.168.0.104', os.name: 'Windows 10', os.arch: 'amd64', os.version: '10.0', java.version: '1.8.0_251'
Driver info: driver.version: ChromeDriver
remote stacktrace: Backtrace:
Ordinal0 [0x00E50C83+1707139]
Ordinal0 [0x00DB68F1+1075441]
Ordinal0 [0x00D2DFC9+516041]
Ordinal0 [0x00CC0554+66900]
Ordinal0 [0x00CBCCE2+52450]
Ordinal0 [0x00CDBFD7+180183]
Ordinal0 [0x00CDBDDD+179677]
Ordinal0 [0x00CD9D4B+171339]
Ordinal0 [0x00CC1D4A+73034]
Ordinal0 [0x00CC2DC0+77248]
Ordinal0 [0x00CC2D59+77145]
Ordinal0 [0x00DCBB67+1162087]
GetHandleVerifier [0x00EEA966+508998]
GetHandleVerifier [0x00EEA6A4+508292]
GetHandleVerifier [0x00EFF7B7+594583]
GetHandleVerifier [0x00EEB1D6+511158]
Ordinal0 [0x00DC402C+1130540]
Ordinal0 [0x00DCD4CB+1168587]
Ordinal0 [0x00DCD633+1168947]
Ordinal0 [0x00DE5B35+1268533]
BaseThreadInitThunk [0x7578F989+25]
RtlGetAppContainerNamedObjectPath [0x76FD5DE4+228]
RtlGetAppContainerNamedObjectPath [0x76FD5DB4+180]

at org.openqa.selenium.remote.W3CHandshakeResponse.lambda$errorHandler$0(W3CHandshakeResponse.java:62)
at org.openqa.selenium.remote.HandshakeResponse.lambda$getResponseFunction$0(HandshakeResponse.java:30)
at org.openqa.selenium.remote.ProtocolHandshake.lambda$createSession$0(ProtocolHandshake.java:126)
at java.util.stream.ReferencePipeline$3$1.accept(Unknown Source)
at java.util.Spliterators$ArraySpliterator.tryAdvance(Unknown Source)
at java.util.stream.ReferencePipeline.forEachWithCancel(Unknown Source)
at java.util.stream.AbstractPipeline.copyIntoWithCancel(Unknown Source)
at java.util.stream.AbstractPipeline.copyInto(Unknown Source)
at java.util.stream.AbstractPipeline.wrapAndCopyInto(Unknown Source)
at java.util.stream.FindOps$FindOp.evaluateSequential(Unknown Source)
at java.util.stream.AbstractPipeline.evaluate(Unknown Source)
at java.util.stream.ReferencePipeline.findFirst(Unknown Source)
at org.openqa.selenium.remote.ProtocolHandshake.createSession(ProtocolHandshake.java:128)
at org.openqa.selenium.remote.ProtocolHandshake.createSession(ProtocolHandshake.java:74)
at org.openqa.selenium.remote.HttpCommandExecutor.execute(HttpCommandExecutor.java:136)
at org.openqa.selenium.remote.service.DriverCommandExecutor.execute(DriverCommandExecutor.java:83)
at org.openqa.selenium.remote.RemoteWebDriver.execute(RemoteWebDriver.java:552)
at org.openqa.selenium.remote.RemoteWebDriver.startSession(RemoteWebDriver.java:213)
at org.openqa.selenium.remote.RemoteWebDriver.<init>(RemoteWebDriver.java:131)
at org.openqa.selenium.chrome.ChromeDriver.<init>(ChromeDriver.java:181)
at org.openqa.selenium.chrome.ChromeDriver.<init>(ChromeDriver.java:168)
at org.openqa.selenium.chrome.ChromeDriver.<init>(ChromeDriver.java:123)
at nopcommerce_packages.TestBase.Browser_Init(TestBase.java:36)
at java.util.concurrent.FutureTask.run(Unknown Source)
at java.util.concurrent.ThreadPoolExecutor.runWorker(Unknown Source)
at java.util.concurrent.ThreadPoolExecutor$Worker.run(Unknown Source)
at java.lang.Thread.run(Unknown Source)
... Removed 19 stack frames]]>
    </failure>
  </testcase> <!-- @BeforeTest Browser_Init -->
  <testcase name="@AfterTest Browser_Terdown" time="0.0" classname="nopcommerce_packages.TestBase">
    <failure type="java.lang.NullPointerException">
      <![CDATA[java.lang.NullPointerException
at nopcommerce_packages.TestBase.Browser_Terdown(TestBase.java:68)
at java.util.concurrent.FutureTask.run(Unknown Source)
at java.util.concurrent.ThreadPoolExecutor.runWorker(Unknown Source)
at java.util.concurrent.ThreadPoolExecutor$Worker.run(Unknown Source)
at java.lang.Thread.run(Unknown Source)
... Removed 15 stack frames]]>
    </failure>
  </testcase> <!-- @AfterTest Browser_Terdown -->
  <testcase name="link_test" time="0.0" classname="nopcommerce_packages.HomePageTest">
    <skipped/>
  </testcase> <!-- link_test -->
  <testcase name="contact_us" time="0.0" classname="nopcommerce_packages.ContactUsTest">
    <skipped/>
  </testcase> <!-- contact_us -->
  <testcase name="welcomeStatment" time="0.0" classname="nopcommerce_packages.HomePageTest">
    <skipped/>
  </testcase> <!-- welcomeStatment -->
  <testcase name="cureency_validate" time="0.0" classname="nopcommerce_packages.HomePageTest">
    <skipped/>
  </testcase> <!-- cureency_validate -->
  <testcase name="cureency_validate" time="0.0" classname="nopcommerce_packages.HomePageTest">
    <skipped/>
  </testcase> <!-- cureency_validate -->
  <testcase name="Actions_overMainMenue" time="0.0" classname="nopcommerce_packages.HomePageTest">
    <skipped/>
  </testcase> <!-- Actions_overMainMenue -->
</testsuite> <!-- Test123 -->
